<?xml version="1.0" encoding="UTF-8"?>
<testng-results skipped="0" failed="1" total="6" passed="5">
  <reporter-output>
  </reporter-output>
  <suite name="Suite 3" duration-ms="188457" started-at="2019-04-05T12:09:29Z" finished-at="2019-04-05T12:12:38Z">
    <groups>
    </groups>
    <test name="Test" duration-ms="22418" started-at="2019-04-05T12:09:29Z" finished-at="2019-04-05T12:09:51Z">
      <class name="idec.ApplicantInvalidlogin">
        <test-method status="PASS" signature="Invoke_browser()[pri:0, instance:idec.ApplicantInvalidlogin@55f3ddb1]" name="Invoke_browser" is-config="true" duration-ms="4925" started-at="2019-04-05T13:09:29Z" finished-at="2019-04-05T13:09:34Z">
          <reporter-output>
          </reporter-output>
        </test-method> <!-- Invoke_browser -->
        <test-method status="PASS" signature="login()[pri:0, instance:idec.ApplicantInvalidlogin@55f3ddb1]" name="login" duration-ms="16316" started-at="2019-04-05T13:09:34Z" finished-at="2019-04-05T13:09:50Z">
          <reporter-output>
          </reporter-output>
        </test-method> <!-- login -->
        <test-method status="PASS" signature="CloseBrowser()[pri:0, instance:idec.ApplicantInvalidlogin@55f3ddb1]" name="CloseBrowser" is-config="true" duration-ms="1156" started-at="2019-04-05T13:09:50Z" finished-at="2019-04-05T13:09:51Z">
          <reporter-output>
          </reporter-output>
        </test-method> <!-- CloseBrowser -->
      </class> <!-- idec.ApplicantInvalidlogin -->
    </test> <!-- Test -->
    <test name="Test1" duration-ms="29804" started-at="2019-04-05T12:09:51Z" finished-at="2019-04-05T12:10:21Z">
      <class name="idec.Applicantvalidlogin">
        <test-method status="PASS" signature="Invoke_browser()[pri:0, instance:idec.Applicantvalidlogin@7d9d1a19]" name="Invoke_browser" is-config="true" duration-ms="2537" started-at="2019-04-05T13:09:52Z" finished-at="2019-04-05T13:09:54Z">
          <reporter-output>
          </reporter-output>
        </test-method> <!-- Invoke_browser -->
        <test-method status="PASS" signature="loginVerify()[pri:0, instance:idec.Applicantvalidlogin@7d9d1a19]" name="loginVerify" duration-ms="24359" started-at="2019-04-05T13:09:54Z" finished-at="2019-04-05T13:10:18Z">
          <reporter-output>
          </reporter-output>
        </test-method> <!-- loginVerify -->
        <test-method status="PASS" signature="CloseBrowser()[pri:0, instance:idec.Applicantvalidlogin@7d9d1a19]" name="CloseBrowser" is-config="true" duration-ms="2903" started-at="2019-04-05T13:10:18Z" finished-at="2019-04-05T13:10:21Z">
          <reporter-output>
          </reporter-output>
        </test-method> <!-- CloseBrowser -->
      </class> <!-- idec.Applicantvalidlogin -->
    </test> <!-- Test1 -->
    <test name="Test2" duration-ms="25660" started-at="2019-04-05T12:10:21Z" finished-at="2019-04-05T12:10:47Z">
      <class name="idec.Registeranapplicant">
        <test-method status="PASS" signature="Invoke_browser()[pri:0, instance:idec.Registeranapplicant@548e7350]" name="Invoke_browser" is-config="true" duration-ms="2512" started-at="2019-04-05T13:10:21Z" finished-at="2019-04-05T13:10:24Z">
          <reporter-output>
          </reporter-output>
        </test-method> <!-- Invoke_browser -->
        <test-method status="PASS" signature="ApplicantReg_Idec()[pri:0, instance:idec.Registeranapplicant@548e7350]" name="ApplicantReg_Idec" duration-ms="22233" started-at="2019-04-05T13:10:24Z" finished-at="2019-04-05T13:10:46Z">
          <reporter-output>
          </reporter-output>
        </test-method> <!-- ApplicantReg_Idec -->
        <test-method status="PASS" signature="CloseBrowser()[pri:0, instance:idec.Registeranapplicant@548e7350]" name="CloseBrowser" is-config="true" duration-ms="910" started-at="2019-04-05T13:10:46Z" finished-at="2019-04-05T13:10:47Z">
          <reporter-output>
          </reporter-output>
        </test-method> <!-- CloseBrowser -->
      </class> <!-- idec.Registeranapplicant -->
    </test> <!-- Test2 -->
    <test name="Test3" duration-ms="23172" started-at="2019-04-05T12:10:47Z" finished-at="2019-04-05T12:11:10Z">
      <class name="idec.Reset_password">
        <test-method status="PASS" signature="Invoke_browser()[pri:0, instance:idec.Reset_password@4dfa3a9d]" name="Invoke_browser" is-config="true" duration-ms="2438" started-at="2019-04-05T13:10:47Z" finished-at="2019-04-05T13:10:49Z">
          <reporter-output>
          </reporter-output>
        </test-method> <!-- Invoke_browser -->
        <test-method status="PASS" signature="Reset_Password()[pri:0, instance:idec.Reset_password@4dfa3a9d]" name="Reset_Password" duration-ms="19887" started-at="2019-04-05T13:10:49Z" finished-at="2019-04-05T13:11:09Z">
          <reporter-output>
          </reporter-output>
        </test-method> <!-- Reset_Password -->
        <test-method status="PASS" signature="CloseBrowser()[pri:0, instance:idec.Reset_password@4dfa3a9d]" name="CloseBrowser" is-config="true" duration-ms="844" started-at="2019-04-05T13:11:09Z" finished-at="2019-04-05T13:11:10Z">
          <reporter-output>
          </reporter-output>
        </test-method> <!-- CloseBrowser -->
      </class> <!-- idec.Reset_password -->
    </test> <!-- Test3 -->
    <test name="Test4" duration-ms="58940" started-at="2019-04-05T12:11:10Z" finished-at="2019-04-05T12:12:09Z">
      <class name="idec.Scheduling_Offical_approval">
        <test-method status="PASS" signature="Invoke_browser()[pri:0, instance:idec.Scheduling_Offical_approval@31ef45e3]" name="Invoke_browser" is-config="true" duration-ms="2632" started-at="2019-04-05T13:11:10Z" finished-at="2019-04-05T13:11:13Z">
          <reporter-output>
          </reporter-output>
        </test-method> <!-- Invoke_browser -->
        <test-method status="FAIL" signature="Scheduling_offical_Approval()[pri:0, instance:idec.Scheduling_Offical_approval@31ef45e3]" name="Scheduling_offical_Approval" duration-ms="55376" started-at="2019-04-05T13:11:13Z" finished-at="2019-04-05T13:12:08Z">
          <exception class="org.openqa.selenium.NoSuchElementException">
            <message>
              <![CDATA[no such element: Unable to locate element: {"method":"xpath","selector":"//tr[1]//td[8]//label[1]"}
  (Session info: chrome=73.0.3683.86)
  (Driver info: chromedriver=2.45.615291 (ec3682e3c9061c10f26ea9e5cdcf3c53f3f74387),platform=Windows NT 10.0.17134 x86_64) (WARNING: The server did not provide any stacktrace information)
Command duration or timeout: 0 milliseconds
For documentation on this error, please visit: https://www.seleniumhq.org/exceptions/no_such_element.html
Build info: version: '3.141.59', revision: 'e82be7d358', time: '2018-11-14T08:17:03'
System info: host: 'DESKTOP-L43RQ6L', ip: '192.168.1.14', os.name: 'Windows 10', os.arch: 'amd64', os.version: '10.0', java.version: '1.8.0_201'
Driver info: org.openqa.selenium.chrome.ChromeDriver
Capabilities {acceptInsecureCerts: false, acceptSslCerts: false, applicationCacheEnabled: false, browserConnectionEnabled: false, browserName: chrome, chrome: {chromedriverVersion: 2.45.615291 (ec3682e3c9061c..., userDataDir: C:\Users\Oguntoye\AppData\L...}, cssSelectorsEnabled: true, databaseEnabled: false, goog:chromeOptions: {debuggerAddress: localhost:55319}, handlesAlerts: true, hasTouchScreen: false, javascriptEnabled: true, locationContextEnabled: true, mobileEmulationEnabled: false, nativeEvents: true, networkConnectionEnabled: false, pageLoadStrategy: normal, platform: XP, platformName: XP, proxy: Proxy(), rotatable: false, setWindowRect: true, strictFileInteractability: false, takesHeapSnapshot: true, takesScreenshot: true, timeouts: {implicit: 0, pageLoad: 300000, script: 30000}, unexpectedAlertBehaviour: ignore, unhandledPromptBehavior: ignore, version: 73.0.3683.86, webStorageEnabled: true}
Session ID: 8918bec3f4f132691e19096b61611fea
*** Element info: {Using=xpath, value=//tr[1]//td[8]//label[1]}]]>
            </message>
            <full-stacktrace>
              <![CDATA[org.openqa.selenium.NoSuchElementException: no such element: Unable to locate element: {"method":"xpath","selector":"//tr[1]//td[8]//label[1]"}
  (Session info: chrome=73.0.3683.86)
  (Driver info: chromedriver=2.45.615291 (ec3682e3c9061c10f26ea9e5cdcf3c53f3f74387),platform=Windows NT 10.0.17134 x86_64) (WARNING: The server did not provide any stacktrace information)
Command duration or timeout: 0 milliseconds
For documentation on this error, please visit: https://www.seleniumhq.org/exceptions/no_such_element.html
Build info: version: '3.141.59', revision: 'e82be7d358', time: '2018-11-14T08:17:03'
System info: host: 'DESKTOP-L43RQ6L', ip: '192.168.1.14', os.name: 'Windows 10', os.arch: 'amd64', os.version: '10.0', java.version: '1.8.0_201'
Driver info: org.openqa.selenium.chrome.ChromeDriver
Capabilities {acceptInsecureCerts: false, acceptSslCerts: false, applicationCacheEnabled: false, browserConnectionEnabled: false, browserName: chrome, chrome: {chromedriverVersion: 2.45.615291 (ec3682e3c9061c..., userDataDir: C:\Users\Oguntoye\AppData\L...}, cssSelectorsEnabled: true, databaseEnabled: false, goog:chromeOptions: {debuggerAddress: localhost:55319}, handlesAlerts: true, hasTouchScreen: false, javascriptEnabled: true, locationContextEnabled: true, mobileEmulationEnabled: false, nativeEvents: true, networkConnectionEnabled: false, pageLoadStrategy: normal, platform: XP, platformName: XP, proxy: Proxy(), rotatable: false, setWindowRect: true, strictFileInteractability: false, takesHeapSnapshot: true, takesScreenshot: true, timeouts: {implicit: 0, pageLoad: 300000, script: 30000}, unexpectedAlertBehaviour: ignore, unhandledPromptBehavior: ignore, version: 73.0.3683.86, webStorageEnabled: true}
Session ID: 8918bec3f4f132691e19096b61611fea
*** Element info: {Using=xpath, value=//tr[1]//td[8]//label[1]}
	at sun.reflect.NativeConstructorAccessorImpl.newInstance0(Native Method)
	at sun.reflect.NativeConstructorAccessorImpl.newInstance(Unknown Source)
	at sun.reflect.DelegatingConstructorAccessorImpl.newInstance(Unknown Source)
	at java.lang.reflect.Constructor.newInstance(Unknown Source)
	at org.openqa.selenium.remote.ErrorHandler.createThrowable(ErrorHandler.java:214)
	at org.openqa.selenium.remote.ErrorHandler.throwIfResponseFailed(ErrorHandler.java:166)
	at org.openqa.selenium.remote.http.JsonHttpResponseCodec.reconstructValue(JsonHttpResponseCodec.java:40)
	at org.openqa.selenium.remote.http.AbstractHttpResponseCodec.decode(AbstractHttpResponseCodec.java:80)
	at org.openqa.selenium.remote.http.AbstractHttpResponseCodec.decode(AbstractHttpResponseCodec.java:44)
	at org.openqa.selenium.remote.HttpCommandExecutor.execute(HttpCommandExecutor.java:158)
	at org.openqa.selenium.remote.service.DriverCommandExecutor.execute(DriverCommandExecutor.java:83)
	at org.openqa.selenium.remote.RemoteWebDriver.execute(RemoteWebDriver.java:552)
	at org.openqa.selenium.remote.RemoteWebDriver.findElement(RemoteWebDriver.java:323)
	at org.openqa.selenium.remote.RemoteWebDriver.findElementByXPath(RemoteWebDriver.java:428)
	at org.openqa.selenium.By$ByXPath.findElement(By.java:353)
	at org.openqa.selenium.remote.RemoteWebDriver.findElement(RemoteWebDriver.java:315)
	at org.openqa.selenium.support.pagefactory.DefaultElementLocator.findElement(DefaultElementLocator.java:69)
	at org.openqa.selenium.support.pagefactory.internal.LocatingElementHandler.invoke(LocatingElementHandler.java:38)
	at com.sun.proxy.$Proxy9.click(Unknown Source)
	at idecpageelements.Admin_approval.Approve_application(Admin_approval.java:38)
	at idec.Scheduling_Offical_approval.Scheduling_offical_Approval(Scheduling_Offical_approval.java:75)
	at sun.reflect.NativeMethodAccessorImpl.invoke0(Native Method)
	at sun.reflect.NativeMethodAccessorImpl.invoke(Unknown Source)
	at sun.reflect.DelegatingMethodAccessorImpl.invoke(Unknown Source)
	at java.lang.reflect.Method.invoke(Unknown Source)
	at org.testng.internal.MethodInvocationHelper.invokeMethod(MethodInvocationHelper.java:80)
	at org.testng.internal.Invoker.invokeMethod(Invoker.java:714)
	at org.testng.internal.Invoker.invokeTestMethod(Invoker.java:901)
	at org.testng.internal.Invoker.invokeTestMethods(Invoker.java:1231)
	at org.testng.internal.TestMethodWorker.invokeTestMethods(TestMethodWorker.java:127)
	at org.testng.internal.TestMethodWorker.run(TestMethodWorker.java:111)
	at org.testng.TestRunner.privateRun(TestRunner.java:767)
	at org.testng.TestRunner.run(TestRunner.java:617)
	at org.testng.SuiteRunner.runTest(SuiteRunner.java:334)
	at org.testng.SuiteRunner.runSequentially(SuiteRunner.java:329)
	at org.testng.SuiteRunner.privateRun(SuiteRunner.java:291)
	at org.testng.SuiteRunner.run(SuiteRunner.java:240)
	at org.testng.SuiteRunnerWorker.runSuite(SuiteRunnerWorker.java:52)
	at org.testng.SuiteRunnerWorker.run(SuiteRunnerWorker.java:86)
	at org.testng.TestNG.runSuitesSequentially(TestNG.java:1198)
	at org.testng.TestNG.runSuitesLocally(TestNG.java:1123)
	at org.testng.TestNG.run(TestNG.java:1031)
	at org.testng.remote.AbstractRemoteTestNG.run(AbstractRemoteTestNG.java:114)
	at org.testng.remote.RemoteTestNG.initAndRun(RemoteTestNG.java:251)
	at org.testng.remote.RemoteTestNG.main(RemoteTestNG.java:77)
]]>
            </full-stacktrace>
          </exception> <!-- org.openqa.selenium.NoSuchElementException -->
          <reporter-output>
          </reporter-output>
        </test-method> <!-- Scheduling_offical_Approval -->
        <test-method status="PASS" signature="CloseBrowser()[pri:0, instance:idec.Scheduling_Offical_approval@31ef45e3]" name="CloseBrowser" is-config="true" duration-ms="925" started-at="2019-04-05T13:12:08Z" finished-at="2019-04-05T13:12:09Z">
          <reporter-output>
          </reporter-output>
        </test-method> <!-- CloseBrowser -->
      </class> <!-- idec.Scheduling_Offical_approval -->
    </test> <!-- Test4 -->
    <test name="Test5" duration-ms="28311" started-at="2019-04-05T12:12:09Z" finished-at="2019-04-05T12:12:38Z">
      <class name="dev.payzone.test.Nassarawa_Invoice_test">
        <test-method status="PASS" signature="Invoke_browser()[pri:0, instance:dev.payzone.test.Nassarawa_Invoice_test@589838eb]" name="Invoke_browser" is-config="true" duration-ms="2640" started-at="2019-04-05T13:12:09Z" finished-at="2019-04-05T13:12:12Z">
          <reporter-output>
          </reporter-output>
        </test-method> <!-- Invoke_browser -->
        <test-method status="PASS" signature="Nassarawa_Invoice()[pri:0, instance:dev.payzone.test.Nassarawa_Invoice_test@589838eb]" name="Nassarawa_Invoice" duration-ms="22877" started-at="2019-04-05T13:12:12Z" finished-at="2019-04-05T13:12:35Z">
          <reporter-output>
          </reporter-output>
        </test-method> <!-- Nassarawa_Invoice -->
        <test-method status="PASS" signature="CloseBrowser()[pri:0, instance:dev.payzone.test.Nassarawa_Invoice_test@589838eb]" name="CloseBrowser" is-config="true" duration-ms="2791" started-at="2019-04-05T13:12:35Z" finished-at="2019-04-05T13:12:38Z">
          <reporter-output>
          </reporter-output>
        </test-method> <!-- CloseBrowser -->
      </class> <!-- dev.payzone.test.Nassarawa_Invoice_test -->
    </test> <!-- Test5 -->
  </suite> <!-- Suite 3 -->
</testng-results>
